0 info it worked if it ends with ok
1 verbose cli [ 'node',
1 verbose cli   '/usr/local/bin/npm',
1 verbose cli   'install',
1 verbose cli   '-g',
1 verbose cli   'git@github.com:thomfoolery/generator-wp-grunted-theme.git' ]
2 info using npm@1.4.3
3 info using node@v0.10.26
4 verbose cache add [ 'git@github.com:thomfoolery/generator-wp-grunted-theme.git',
4 verbose cache add   null ]
5 verbose cache add name=undefined spec="git@github.com:thomfoolery/generator-wp-grunted-theme.git" args=["git@github.com:thomfoolery/generator-wp-grunted-theme.git",null]
6 verbose parsed url { protocol: null,
6 verbose parsed url   slashes: null,
6 verbose parsed url   auth: null,
6 verbose parsed url   host: null,
6 verbose parsed url   port: null,
6 verbose parsed url   hostname: null,
6 verbose parsed url   hash: null,
6 verbose parsed url   search: null,
6 verbose parsed url   query: null,
6 verbose parsed url   pathname: 'git@github.com:thomfoolery/generator-wp-grunted-theme.git',
6 verbose parsed url   path: 'git@github.com:thomfoolery/generator-wp-grunted-theme.git',
6 verbose parsed url   href: 'git@github.com:thomfoolery/generator-wp-grunted-theme.git' }
7 verbose cache add name="git" spec="github.com:thomfoolery/generator-wp-grunted-theme.git" args=["git","github.com:thomfoolery/generator-wp-grunted-theme.git"]
8 verbose parsed url { protocol: 'github.com:',
8 verbose parsed url   slashes: null,
8 verbose parsed url   auth: null,
8 verbose parsed url   host: 'thomfoolery',
8 verbose parsed url   port: null,
8 verbose parsed url   hostname: 'thomfoolery',
8 verbose parsed url   hash: null,
8 verbose parsed url   search: null,
8 verbose parsed url   query: null,
8 verbose parsed url   pathname: '/generator-wp-grunted-theme.git',
8 verbose parsed url   path: '/generator-wp-grunted-theme.git',
8 verbose parsed url   href: 'github.com:thomfoolery/generator-wp-grunted-theme.git' }
9 verbose addNamed [ 'git',
9 verbose addNamed   'github.com:thomfoolery/generator-wp-grunted-theme.git' ]
10 verbose addNamed [ null, null ]
11 silly lockFile 213da4ae-y-generator-wp-grunted-theme-git git@github.com:thomfoolery/generator-wp-grunted-theme.git
12 verbose lock git@github.com:thomfoolery/generator-wp-grunted-theme.git /var/root/.npm/213da4ae-y-generator-wp-grunted-theme-git.lock
13 info addNameTag [ 'git',
13 info addNameTag   'github.com:thomfoolery/generator-wp-grunted-theme.git' ]
14 verbose url raw git
15 verbose url resolving [ 'https://registry.npmjs.org/', './git' ]
16 verbose url resolved https://registry.npmjs.org/git
17 info trying registry request attempt 1 at 17:51:33
18 http GET https://registry.npmjs.org/git
19 http 200 https://registry.npmjs.org/git
20 silly registry.get cb [ 200,
20 silly registry.get   { date: 'Mon, 05 May 2014 21:51:33 GMT',
20 silly registry.get     server: 'CouchDB/1.5.0 (Erlang OTP/R14B04)',
20 silly registry.get     etag: '"CKR75XZQ2WZH3YFGFF3IJVSMY"',
20 silly registry.get     'content-type': 'application/json',
20 silly registry.get     via: '1.1 varnish',
20 silly registry.get     'cache-control': 'max-age=1',
20 silly registry.get     'content-length': '10458',
20 silly registry.get     'accept-ranges': 'bytes',
20 silly registry.get     age: '2405',
20 silly registry.get     'x-served-by': 'cache-v44-ASH, cache-jfk1024-JFK',
20 silly registry.get     'x-cache': 'MISS, MISS',
20 silly registry.get     'x-cache-hits': '0, 0',
20 silly registry.get     'x-timer': 'S1399324288.055964947,VS0,VS204,VE290,VE2405048',
20 silly registry.get     vary: 'Accept',
20 silly registry.get     'keep-alive': 'timeout=10, max=50',
20 silly registry.get     connection: 'Keep-Alive' } ]
21 info maybeGithub Attempting github.com:thomfoolery/generator-wp-grunted-theme.git from git://github.com/github.com:thomfoolery/generator-wp-grunted-theme.git
22 silly lockFile 86c22629-y-generator-wp-grunted-theme-git git://github.com/github.com:thomfoolery/generator-wp-grunted-theme.git
23 verbose lock git://github.com/github.com:thomfoolery/generator-wp-grunted-theme.git /var/root/.npm/86c22629-y-generator-wp-grunted-theme-git.lock
24 verbose addRemoteGit [ 'git://github.com/github.com:thomfoolery/generator-wp-grunted-theme.git',
24 verbose addRemoteGit   'master' ]
25 verbose git clone git://github.com/github.com:thomfoolery/generator-wp-grunted-theme.git Cloning into bare repository '/var/root/.npm/_git-remotes/git-github-com-github-com-thomfoolery-generator-wp-grunted-theme-git-86c22629'...
25 verbose git clone git://github.com/github.com:thomfoolery/generator-wp-grunted-theme.git fatal: remote error:
25 verbose git clone git://github.com/github.com:thomfoolery/generator-wp-grunted-theme.git   github.com:thomfoolery/generator-wp-grunted-theme is not a valid repository name
25 verbose git clone git://github.com/github.com:thomfoolery/generator-wp-grunted-theme.git   Email support@github.com for help
26 silly lockFile 86c22629-y-generator-wp-grunted-theme-git git://github.com/github.com:thomfoolery/generator-wp-grunted-theme.git
27 silly lockFile 86c22629-y-generator-wp-grunted-theme-git git://github.com/github.com:thomfoolery/generator-wp-grunted-theme.git
28 info maybeGithub Attempting github.com:thomfoolery/generator-wp-grunted-theme.git from git+ssh://git@github.com:github.com:thomfoolery/generator-wp-grunted-theme.git
29 silly lockFile b67874b5-y-generator-wp-grunted-theme-git git@github.com:github.com:thomfoolery/generator-wp-grunted-theme.git
30 verbose lock git@github.com:github.com:thomfoolery/generator-wp-grunted-theme.git /var/root/.npm/b67874b5-y-generator-wp-grunted-theme-git.lock
31 verbose addRemoteGit [ 'git@github.com:github.com:thomfoolery/generator-wp-grunted-theme.git',
31 verbose addRemoteGit   'master' ]
32 verbose git clone git@github.com:github.com:thomfoolery/generator-wp-grunted-theme.git Cloning into bare repository '/var/root/.npm/_git-remotes/git-github-com-github-com-thomfoolery-generator-wp-grunted-theme-git-b67874b5'...
32 verbose git clone git@github.com:github.com:thomfoolery/generator-wp-grunted-theme.git Warning: Permanently added the RSA host key for IP address '192.30.252.131' to the list of known hosts.
32 verbose git clone git@github.com:github.com:thomfoolery/generator-wp-grunted-theme.git Permission denied (publickey).
32 verbose git clone git@github.com:github.com:thomfoolery/generator-wp-grunted-theme.git fatal: Could not read from remote repository.
32 verbose git clone git@github.com:github.com:thomfoolery/generator-wp-grunted-theme.git
32 verbose git clone git@github.com:github.com:thomfoolery/generator-wp-grunted-theme.git Please make sure you have the correct access rights
32 verbose git clone git@github.com:github.com:thomfoolery/generator-wp-grunted-theme.git and the repository exists.
33 silly lockFile b67874b5-y-generator-wp-grunted-theme-git git@github.com:github.com:thomfoolery/generator-wp-grunted-theme.git
34 silly lockFile b67874b5-y-generator-wp-grunted-theme-git git@github.com:github.com:thomfoolery/generator-wp-grunted-theme.git
35 silly lockFile 213da4ae-y-generator-wp-grunted-theme-git git@github.com:thomfoolery/generator-wp-grunted-theme.git
36 silly lockFile 213da4ae-y-generator-wp-grunted-theme-git git@github.com:thomfoolery/generator-wp-grunted-theme.git
37 error notarget No compatible version found: git@'github.com:thomfoolery/generator-wp-grunted-theme.git'
37 error notarget Valid install targets:
37 error notarget ["0.1.0","0.1.1","0.1.2","0.1.3","0.1.4","0.1.5"]
37 error notarget
37 error notarget This is most likely not a problem with npm itself.
37 error notarget In most cases you or one of your dependencies are requesting
37 error notarget a package version that doesn't exist.
38 error System Darwin 13.1.0
39 error command "node" "/usr/local/bin/npm" "install" "-g" "git@github.com:thomfoolery/generator-wp-grunted-theme.git"
40 error cwd /Users/thom.yuill/Development/Projects/yoeman-generators/wp-theme
41 error node -v v0.10.26
42 error npm -v 1.4.3
43 error code ETARGET
44 verbose exit [ 1, true ]
